<?xml version="1.0" encoding="UTF-8"?>
<testng-results total="3" passed="3" failed="0" skipped="0">
  <reporter-output>
  </reporter-output>
  <suite started-at="2020-03-13T14:48:28Z" name="Suite" finished-at="2020-03-13T14:48:52Z" duration-ms="24567">
    <groups>
    </groups>
    <test started-at="2020-03-13T14:48:28Z" name="Test" finished-at="2020-03-13T14:48:52Z" duration-ms="24567">
      <class name="com.atmecs.automationpractice.testscript.HomePagePopularProductValidation">
        <test-method signature="validateHomePage()[pri:0, instance:com.atmecs.automationpractice.testscript.HomePagePopularProductValidation@7c417213]" started-at="2020-03-13T20:18:51Z" name="validateHomePage" finished-at="2020-03-13T20:18:51Z" duration-ms="337" status="PASS">
          <reporter-output>
          </reporter-output>
        </test-method> <!-- validateHomePage -->
      </class> <!-- com.atmecs.automationpractice.testscript.HomePagePopularProductValidation -->
      <class name="com.atmecs.automationpractice.testscript.HomePageImageValidation">
        <test-method is-config="true" signature="invokeBrowser()[pri:0, instance:com.atmecs.automationpractice.testscript.HomePageImageValidation@6107227e]" started-at="2020-03-13T20:18:28Z" name="invokeBrowser" finished-at="2020-03-13T20:18:50Z" duration-ms="22598" status="PASS">
          <reporter-output>
          </reporter-output>
        </test-method> <!-- invokeBrowser -->
        <test-method signature="validateHomePage()[pri:0, instance:com.atmecs.automationpractice.testscript.HomePageImageValidation@6107227e]" started-at="2020-03-13T20:18:50Z" name="validateHomePage" finished-at="2020-03-13T20:18:51Z" duration-ms="881" status="PASS">
          <reporter-output>
          </reporter-output>
        </test-method> <!-- validateHomePage -->
      </class> <!-- com.atmecs.automationpractice.testscript.HomePageImageValidation -->
      <class name="com.atmecs.automationpractice.testscript.HomePageFooterValidation">
        <test-method signature="validateHomePage()[pri:0, instance:com.atmecs.automationpractice.testscript.HomePageFooterValidation@15761df8]" started-at="2020-03-13T20:18:51Z" name="validateHomePage" finished-at="2020-03-13T20:18:52Z" duration-ms="707" status="PASS">
          <reporter-output>
          </reporter-output>
        </test-method> <!-- validateHomePage -->
      </class> <!-- com.atmecs.automationpractice.testscript.HomePageFooterValidation -->
    </test> <!-- Test -->
  </suite> <!-- Suite -->
</testng-results>
