<?xml version="1.0" encoding="UTF-8"?>
<!-- Generated by org.testng.reporters.JUnitXMLReporter -->
<testsuite ignored="0" hostname="Lenovo" failures="0" tests="3" name="FirefoxTest" time="4.09" errors="0" timestamp="2020-05-26T08:16:45 GMT-07:00">
  <testcase classname="com.atmecs.ninjakart.testbase.TestBase2" name="@BeforeTest openBrowser" time="0.048">
    <failure type="java.lang.NullPointerException">
      <![CDATA[java.lang.NullPointerException
at com.atmecs.ninjakart.testbase.TestBase2.openBrowser(TestBase2.java:44)
at java.base/java.util.concurrent.FutureTask.run(FutureTask.java:264)
at java.base/java.util.concurrent.ThreadPoolExecutor.runWorker(ThreadPoolExecutor.java:1128)
at java.base/java.util.concurrent.ThreadPoolExecutor$Worker.run(ThreadPoolExecutor.java:628)
at java.base/java.lang.Thread.run(Thread.java:830)
... Removed 15 stack frames]]>
    </failure>
  </testcase> <!-- @BeforeTest openBrowser -->
  <testcase classname="com.atmecs.ninjakart.homepage.HomePage" name="login" time="0.0">
    <skipped/>
  </testcase> <!-- login -->
  <testcase classname="com.atmecs.ninjakart.homepage.HomePage" name="login" time="0.0">
    <skipped/>
  </testcase> <!-- login -->
  <testcase classname="com.atmecs.ninjakart.homepage.HomePage" name="login" time="0.0">
    <skipped/>
  </testcase> <!-- login -->
</testsuite> <!-- FirefoxTest -->
