<?xml version="1.0" encoding="UTF-8"?>
<!-- Generated by org.testng.reporters.JUnitXMLReporter -->
<testsuite ignored="0" hostname="Lenovo" failures="0" tests="1" name="IETest" time="0.104" errors="0" timestamp="2020-05-27T08:26:45 GMT-07:00">
  <testcase classname="com.atmecs.ninjakart.testbase.TestBase2" name="@BeforeTest openBrowser" time="0.0">
    <failure type="java.lang.NullPointerException">
      <![CDATA[java.lang.NullPointerException
at com.atmecs.ninjakart.testbase.TestBase2.openBrowser(TestBase2.java:44)
... Removed 24 stack frames]]>
    </failure>
  </testcase> <!-- @BeforeTest openBrowser -->
  <testcase classname="com.atmecs.ninjakart.homepage.HomePage" name="login" time="0.0">
    <skipped/>
  </testcase> <!-- login -->
</testsuite> <!-- IETest -->
