<?xml version="1.0" encoding="UTF-8"?>
<!-- Generated by org.testng.reporters.JUnitXMLReporter -->
<testsuite hostname="ATMECSINDT-083" failures="0" tests="3" name="Test" time="24.567" errors="0" timestamp="13 Mar 2020 14:48:52 GMT">
  <testcase classname="com.atmecs.automationpractice.testscript.HomePageImageValidation" name="validateHomePage" time="0.881"/>
  <testcase classname="com.atmecs.automationpractice.testscript.HomePagePopularProductValidation" name="validateHomePage" time="0.337"/>
  <testcase classname="com.atmecs.automationpractice.testscript.HomePageFooterValidation" name="validateHomePage" time="0.707"/>
</testsuite> <!-- Test -->
