<?xml version="1.0" encoding="UTF-8"?>
<testng-results ignored="0" total="1" passed="1" failed="0" skipped="0">
  <reporter-output>
  </reporter-output>
  <suite started-at="2020-04-03T08:32:17 GMT-07:00" name="Suite" finished-at="2020-04-03T08:32:33 GMT-07:00" duration-ms="16745">
    <groups>
    </groups>
    <test started-at="2020-04-03T08:32:17 GMT-07:00" name="Test" finished-at="2020-04-03T08:32:33 GMT-07:00" duration-ms="16745">
      <class name="com.testng.dataprovider.DataProvider1">
        <test-method is-config="true" signature="invokeBrowser()[pri:0, instance:com.testng.dataprovider.DataProvider1@47542153]" started-at="2020-04-03T08:32:17 GMT-07:00" name="invokeBrowser" finished-at="2020-04-03T08:32:32 GMT-07:00" duration-ms="15384" status="PASS">
          <reporter-output>
          </reporter-output>
        </test-method> <!-- invokeBrowser -->
        <test-method signature="test(java.lang.String, java.lang.String)[pri:0, instance:com.testng.dataprovider.DataProvider1@47542153]" started-at="2020-04-03T08:32:32 GMT-07:00" name="test" data-provider="provideCredentials" finished-at="2020-04-03T08:32:33 GMT-07:00" duration-ms="1259" status="PASS">
          <params>
            <param index="0">
              <value>
                <![CDATA[standard_user]]>
              </value>
            </param>
            <param index="1">
              <value>
                <![CDATA[secret_sauce]]>
              </value>
            </param>
          </params>
          <reporter-output>
          </reporter-output>
        </test-method> <!-- test -->
      </class> <!-- com.testng.dataprovider.DataProvider1 -->
    </test> <!-- Test -->
  </suite> <!-- Suite -->
</testng-results>
