<?xml version="1.0" encoding="UTF-8"?>
<testng-results ignored="0" total="1" passed="1" failed="0" skipped="0">
  <reporter-output>
  </reporter-output>
  <suite started-at="2020-06-28T22:56:50 GMT-07:00" name="Suite" finished-at="2020-06-28T22:58:05 GMT-07:00" duration-ms="74597">
    <groups>
    </groups>
    <test started-at="2020-06-28T22:56:50 GMT-07:00" name="Test" finished-at="2020-06-28T22:58:05 GMT-07:00" duration-ms="74597">
      <class name="com.atmecs.telluride.test.BlogPageValidation">
        <test-method is-config="true" signature="invokeBrowser()[pri:0, instance:com.atmecs.telluride.test.BlogPageValidation@2bbf180e]" started-at="2020-06-28T22:56:50 GMT-07:00" name="invokeBrowser" finished-at="2020-06-28T22:57:52 GMT-07:00" duration-ms="62068" status="PASS">
          <reporter-output>
          </reporter-output>
        </test-method> <!-- invokeBrowser -->
        <test-method signature="blogPageValidation()[pri:0, instance:com.atmecs.telluride.test.BlogPageValidation@2bbf180e]" started-at="2020-06-28T22:57:53 GMT-07:00" name="blogPageValidation" finished-at="2020-06-28T22:58:05 GMT-07:00" duration-ms="12218" status="PASS">
          <reporter-output>
          </reporter-output>
        </test-method> <!-- blogPageValidation -->
      </class> <!-- com.atmecs.telluride.test.BlogPageValidation -->
    </test> <!-- Test -->
  </suite> <!-- Suite -->
</testng-results>
