<?xml version="1.0" encoding="UTF-8"?>
<testng-results ignored="0" total="2" passed="2" failed="0" skipped="0">
  <reporter-output>
  </reporter-output>
  <suite started-at="2020-08-10T09:41:18 GMT-07:00" name="Suite" finished-at="2020-08-10T09:41:48 GMT-07:00" duration-ms="30638">
    <groups>
    </groups>
    <test started-at="2020-08-10T09:41:18 GMT-07:00" name="Test" finished-at="2020-08-10T09:41:33 GMT-07:00" duration-ms="15111">
      <class name="com.atmecs.helperclasses.ParallelDemo2">
        <test-method signature="launch()[pri:0, instance:com.atmecs.helperclasses.ParallelDemo2@79efed2d]" started-at="2020-08-10T09:41:18 GMT-07:00" name="launch" finished-at="2020-08-10T09:41:33 GMT-07:00" duration-ms="14984" status="PASS">
          <reporter-output>
          </reporter-output>
        </test-method> <!-- launch -->
      </class> <!-- com.atmecs.helperclasses.ParallelDemo2 -->
    </test> <!-- Test -->
    <test started-at="2020-08-10T09:41:18 GMT-07:00" name="Test2" finished-at="2020-08-10T09:41:48 GMT-07:00" duration-ms="30638">
      <class name="com.atmecs.helperclasses.ParallelDemo1">
        <test-method signature="logIn(java.lang.String, java.lang.String)[pri:0, instance:com.atmecs.helperclasses.ParallelDemo1@48fa0f47]" started-at="2020-08-10T09:41:18 GMT-07:00" name="logIn" finished-at="2020-08-10T09:41:48 GMT-07:00" duration-ms="30516" status="PASS">
          <params>
            <param index="0">
              <value>
                <![CDATA[Admin ]]>
              </value>
            </param>
            <param index="1">
              <value>
                <![CDATA[admin123]]>
              </value>
            </param>
          </params>
          <reporter-output>
          </reporter-output>
        </test-method> <!-- logIn -->
      </class> <!-- com.atmecs.helperclasses.ParallelDemo1 -->
    </test> <!-- Test2 -->
  </suite> <!-- Suite -->
</testng-results>
