<?xml version="1.0" encoding="UTF-8"?>
<testng-results ignored="1" total="3" passed="2" failed="0" skipped="0">
  <reporter-output>
  </reporter-output>
  <suite started-at="2020-04-22T08:18:27 GMT-07:00" name="Suite" finished-at="2020-04-22T08:20:23 GMT-07:00" duration-ms="116202">
    <groups>
    </groups>
    <test started-at="2020-04-22T08:18:27 GMT-07:00" name="Test" finished-at="2020-04-22T08:20:23 GMT-07:00" duration-ms="116202">
      <class name="com.selenium.demosite.test.WebElementValidation">
        <test-method is-config="true" signature="invokeBrowser()[pri:0, instance:com.selenium.demosite.test.WebElementValidation@43301423]" started-at="2020-04-22T08:18:27 GMT-07:00" name="invokeBrowser" finished-at="2020-04-22T08:18:44 GMT-07:00" duration-ms="17121" status="PASS">
          <reporter-output>
          </reporter-output>
        </test-method> <!-- invokeBrowser -->
        <test-method signature="validateWebElements()[pri:0, instance:com.selenium.demosite.test.WebElementValidation@43301423]" started-at="2020-04-22T08:18:44 GMT-07:00" name="validateWebElements" finished-at="2020-04-22T08:19:08 GMT-07:00" duration-ms="24155" status="PASS">
          <reporter-output>
          </reporter-output>
        </test-method> <!-- validateWebElements -->
      </class> <!-- com.selenium.demosite.test.WebElementValidation -->
      <class name="com.selenium.demosite.test.WindowsHandler">
        <test-method signature="getWebelements()[pri:0, instance:com.selenium.demosite.test.WindowsHandler@2f112965]" started-at="2020-04-22T08:19:08 GMT-07:00" name="getWebelements" finished-at="2020-04-22T08:20:23 GMT-07:00" duration-ms="74811" status="PASS">
          <reporter-output>
          </reporter-output>
        </test-method> <!-- getWebelements -->
      </class> <!-- com.selenium.demosite.test.WindowsHandler -->
    </test> <!-- Test -->
  </suite> <!-- Suite -->
</testng-results>
