<?xml version="1.0" encoding="UTF-8"?>
<testng-results total="1" passed="1" failed="0" skipped="0">
  <reporter-output>
  </reporter-output>
  <suite started-at="2020-03-10T07:32:29Z" name="Suite" finished-at="2020-03-10T07:33:03Z" duration-ms="33577">
    <groups>
    </groups>
    <test started-at="2020-03-10T07:32:29Z" name="Test" finished-at="2020-03-10T07:33:03Z" duration-ms="33577">
      <class name="com.atmecs.konakart.tests.HomePage">
        <test-method is-config="true" signature="invokeBrowser()[pri:0, instance:com.atmecs.konakart.tests.HomePage@6f3b5d16]" started-at="2020-03-10T13:02:29Z" name="invokeBrowser" finished-at="2020-03-10T13:02:53Z" duration-ms="23577" status="PASS">
          <reporter-output>
          </reporter-output>
        </test-method> <!-- invokeBrowser -->
        <test-method signature="searchProduct()[pri:0, instance:com.atmecs.konakart.tests.HomePage@6f3b5d16]" started-at="2020-03-10T13:02:53Z" name="searchProduct" finished-at="2020-03-10T13:03:03Z" duration-ms="9965" status="PASS">
          <reporter-output>
          </reporter-output>
        </test-method> <!-- searchProduct -->
      </class> <!-- com.atmecs.konakart.tests.HomePage -->
    </test> <!-- Test -->
  </suite> <!-- Suite -->
</testng-results>
