<?xml version="1.0" encoding="UTF-8"?>
<testng-results total="4" passed="4" failed="0" skipped="0">
  <reporter-output>
  </reporter-output>
  <suite started-at="2020-03-20T13:44:44Z" name="Suite" finished-at="2020-03-20T13:46:00Z" duration-ms="75348">
    <groups>
    </groups>
    <test started-at="2020-03-20T13:44:44Z" name="Test" finished-at="2020-03-20T13:46:00Z" duration-ms="75348">
      <class name="com.atmecs.automation.testscript.ProductCategoryValidation">
        <test-method is-config="true" signature="invokeBrowser()[pri:0, instance:com.atmecs.automation.testscript.ProductCategoryValidation@243c4f91]" started-at="2020-03-20T19:14:44Z" name="invokeBrowser" finished-at="2020-03-20T19:15:04Z" duration-ms="19599" status="PASS">
          <reporter-output>
          </reporter-output>
        </test-method> <!-- invokeBrowser -->
        <test-method signature="validateTshirts()[pri:0, instance:com.atmecs.automation.testscript.ProductCategoryValidation@243c4f91]" started-at="2020-03-20T19:15:04Z" name="validateTshirts" finished-at="2020-03-20T19:15:22Z" duration-ms="18426" status="PASS">
          <reporter-output>
          </reporter-output>
        </test-method> <!-- validateTshirts -->
      </class> <!-- com.atmecs.automation.testscript.ProductCategoryValidation -->
      <class name="com.atmecs.automation.testscript.PurchaseValidation">
        <test-method signature="validatePurchase()[pri:0, instance:com.atmecs.automation.testscript.PurchaseValidation@291ae]" started-at="2020-03-20T19:15:22Z" name="validatePurchase" finished-at="2020-03-20T19:15:49Z" duration-ms="26593" status="PASS">
          <reporter-output>
          </reporter-output>
        </test-method> <!-- validatePurchase -->
      </class> <!-- com.atmecs.automation.testscript.PurchaseValidation -->
      <class name="com.atmecs.automation.testscript.SummaryTableValidation">
        <test-method signature="validateTable()[pri:0, instance:com.atmecs.automation.testscript.SummaryTableValidation@61df66b6]" started-at="2020-03-20T19:15:49Z" name="validateTable" finished-at="2020-03-20T19:15:55Z" duration-ms="6220" status="PASS">
          <reporter-output>
          </reporter-output>
        </test-method> <!-- validateTable -->
      </class> <!-- com.atmecs.automation.testscript.SummaryTableValidation -->
      <class name="com.atmecs.automation.testscript.FeedBackValidation">
        <test-method signature="validateFeedBack()[pri:0, instance:com.atmecs.automation.testscript.FeedBackValidation@50eac852]" started-at="2020-03-20T19:15:55Z" name="validateFeedBack" finished-at="2020-03-20T19:16:00Z" duration-ms="4478" status="PASS">
          <reporter-output>
          </reporter-output>
        </test-method> <!-- validateFeedBack -->
      </class> <!-- com.atmecs.automation.testscript.FeedBackValidation -->
    </test> <!-- Test -->
  </suite> <!-- Suite -->
</testng-results>
