<?xml version="1.0" encoding="UTF-8"?>
<!-- Generated by org.testng.reporters.JUnitXMLReporter -->
<testsuite hostname="ATMECSINDT-083" failures="0" tests="4" name="Test" time="75.348" errors="0" timestamp="20 Mar 2020 13:46:00 GMT">
  <testcase classname="com.atmecs.automation.testscript.ProductCategoryValidation" name="validateTshirts" time="18.426"/>
  <testcase classname="com.atmecs.automation.testscript.PurchaseValidation" name="validatePurchase" time="26.593"/>
  <testcase classname="com.atmecs.automation.testscript.SummaryTableValidation" name="validateTable" time="6.22"/>
  <testcase classname="com.atmecs.automation.testscript.FeedBackValidation" name="validateFeedBack" time="4.478"/>
</testsuite> <!-- Test -->
