<?xml version="1.0" encoding="UTF-8"?>
<!-- Generated by org.testng.reporters.JUnitXMLReporter -->
<testsuite ignored="0" hostname="Lenovo" failures="1" tests="1" name="Test" time="19.05" errors="0" timestamp="2020-04-13T06:39:15 GMT-07:00">
  <testcase classname="com.atmecs.orangehrm.tests.WebTableValidation" name="validatePurchase" time="8.892">
    <failure type="java.lang.AssertionError" message="expected [AssistantManager] but found [Account Clerk]">
      <![CDATA[java.lang.AssertionError: expected [AssistantManager] but found [Account Clerk]
at com.atmecs.orangehrm.pages.WebTablePage.validateTable(WebTablePage.java:47)
at com.atmecs.orangehrm.tests.WebTableValidation.validatePurchase(WebTableValidation.java:31)
at java.base/java.util.ArrayList.forEach(ArrayList.java:1507)
... Removed 32 stack frames]]>
    </failure>
  </testcase> <!-- validatePurchase -->
</testsuite> <!-- Test -->
