<?xml version="1.0" encoding="UTF-8"?>
<testng-results ignored="0" total="1" passed="1" failed="0" skipped="0">
  <reporter-output>
  </reporter-output>
  <suite started-at="2020-04-09T08:51:00 GMT-07:00" name="Suite" finished-at="2020-04-09T08:51:24 GMT-07:00" duration-ms="24146">
    <groups>
    </groups>
    <test started-at="2020-04-09T08:51:00 GMT-07:00" name="Test" finished-at="2020-04-09T08:51:24 GMT-07:00" duration-ms="24146">
      <class name="com.atmecs.orangehrm.tests.WebTableValidation">
        <test-method is-config="true" signature="invokeBrowser()[pri:0, instance:com.atmecs.orangehrm.tests.WebTableValidation@61dd025]" started-at="2020-04-09T08:51:00 GMT-07:00" name="invokeBrowser" finished-at="2020-04-09T08:51:13 GMT-07:00" duration-ms="12850" status="PASS">
          <reporter-output>
          </reporter-output>
        </test-method> <!-- invokeBrowser -->
        <test-method signature="validatePurchase(java.lang.String, java.lang.String)[pri:0, instance:com.atmecs.orangehrm.tests.WebTableValidation@61dd025]" started-at="2020-04-09T08:51:13 GMT-07:00" name="validatePurchase" finished-at="2020-04-09T08:51:24 GMT-07:00" duration-ms="11192" status="PASS">
          <params>
            <param index="0">
              <value>
                <![CDATA[admin]]>
              </value>
            </param>
            <param index="1">
              <value>
                <![CDATA[admin123]]>
              </value>
            </param>
          </params>
          <reporter-output>
          </reporter-output>
        </test-method> <!-- validatePurchase -->
      </class> <!-- com.atmecs.orangehrm.tests.WebTableValidation -->
    </test> <!-- Test -->
  </suite> <!-- Suite -->
</testng-results>
