<?xml version="1.0" encoding="UTF-8"?>
<!-- Generated by org.testng.reporters.JUnitXMLReporter -->
<testsuite ignored="1" hostname="Lenovo" failures="0" tests="1" name="Default test" time="10.16" errors="0" timestamp="2020-06-16T03:53:43 GMT-07:00">
  <testcase classname="com.atmecs.insurencedemo.tests.HomePageValidation" name="validateHomePage" time="0.825"/>
  <testcase classname="com.atmecs.insurencedemo.testbase.TestBase" name="@BeforeTest invokeBrowser" time="0.0">
    <ignored/>
  </testcase> <!-- @BeforeTest invokeBrowser -->
</testsuite> <!-- Default test -->
