<?xml version="1.0" encoding="UTF-8"?>
<testng-results ignored="0" total="0" passed="0" failed="0" skipped="0">
  <reporter-output>
  </reporter-output>
  <suite started-at="2020-05-06T06:13:45 GMT-07:00" name="Default suite" finished-at="2020-05-06T06:14:35 GMT-07:00" duration-ms="49055">
    <groups>
    </groups>
    <test started-at="2020-05-06T06:13:45 GMT-07:00" name="Default test" finished-at="2020-05-06T06:14:35 GMT-07:00" duration-ms="49055">
      <class name="com.atmecs.practo.testbase.TestBase">
        <test-method is-config="true" signature="invokeBrowser()[pri:0, instance:com.atmecs.practo.testbase.TestBase@23529fee]" started-at="2020-05-06T06:13:45 GMT-07:00" name="invokeBrowser" finished-at="2020-05-06T06:14:34 GMT-07:00" duration-ms="49028" status="PASS">
          <reporter-output>
          </reporter-output>
        </test-method> <!-- invokeBrowser -->
      </class> <!-- com.atmecs.practo.testbase.TestBase -->
    </test> <!-- Default test -->
  </suite> <!-- Default suite -->
</testng-results>
