<?xml version="1.0" encoding="UTF-8"?>
<testng-results ignored="0" total="1" passed="1" failed="0" skipped="0">
  <reporter-output>
  </reporter-output>
  <suite started-at="2020-05-29T08:32:22 GMT-07:00" name="Suite" finished-at="2020-05-29T08:32:40 GMT-07:00" duration-ms="17443">
    <groups>
    </groups>
    <test started-at="2020-05-29T08:32:22 GMT-07:00" name="Test" finished-at="2020-05-29T08:32:40 GMT-07:00" duration-ms="17443">
      <class name="com.atmecs.action.test.Register">
        <test-method is-config="true" signature="invokeBrowser()[pri:0, instance:com.atmecs.action.test.Register@4445629]" started-at="2020-05-29T08:32:22 GMT-07:00" name="invokeBrowser" finished-at="2020-05-29T08:32:38 GMT-07:00" duration-ms="15519" status="PASS">
          <reporter-output>
          </reporter-output>
        </test-method> <!-- invokeBrowser -->
        <test-method signature="enterDetails()[pri:0, instance:com.atmecs.action.test.Register@4445629]" started-at="2020-05-29T08:32:38 GMT-07:00" name="enterDetails" finished-at="2020-05-29T08:32:40 GMT-07:00" duration-ms="1839" status="PASS">
          <reporter-output>
          </reporter-output>
        </test-method> <!-- enterDetails -->
      </class> <!-- com.atmecs.action.test.Register -->
    </test> <!-- Test -->
  </suite> <!-- Suite -->
</testng-results>
